Started GET "/" for 127.0.0.1 at 2018-02-20 16:15:21 +0900
Processing by Rails::WelcomeController#index as HTML
  Rendering /Users/omikaoru/.rbenv/versions/2.3.1/lib/ruby/gems/2.3.0/gems/railties-5.1.5/lib/rails/templates/rails/welcome/index.html.erb
  Rendered /Users/omikaoru/.rbenv/versions/2.3.1/lib/ruby/gems/2.3.0/gems/railties-5.1.5/lib/rails/templates/rails/welcome/index.html.erb (6.4ms)
Completed 200 OK in 524ms (Views: 18.7ms)


Started GET "/" for 127.0.0.1 at 2018-02-20 17:18:14 +0900
Processing by MessagesController#index as HTML
  Rendering messages/index.html.haml within layouts/application
  Rendered messages/index.html.haml within layouts/application (9.9ms)
Completed 200 OK in 629ms (Views: 380.1ms)


Started GET "/" for 127.0.0.1 at 2018-02-20 17:23:46 +0900
Processing by MessagesController#index as HTML
  Rendering messages/index.html.haml within layouts/application
  Rendered messages/index.html.haml within layouts/application (3.1ms)
Completed 200 OK in 42ms (Views: 37.8ms)


Started GET "/style.css" for 127.0.0.1 at 2018-02-20 17:23:46 +0900
  
ActionController::RoutingError (No route matches [GET] "/style.css"):
  
actionpack (5.1.5) lib/action_dispatch/middleware/debug_exceptions.rb:63:in `call'
web-console (3.5.1) lib/web_console/middleware.rb:135:in `call_app'
web-console (3.5.1) lib/web_console/middleware.rb:28:in `block in call'
web-console (3.5.1) lib/web_console/middleware.rb:18:in `catch'
web-console (3.5.1) lib/web_console/middleware.rb:18:in `call'
actionpack (5.1.5) lib/action_dispatch/middleware/show_exceptions.rb:31:in `call'
railties (5.1.5) lib/rails/rack/logger.rb:36:in `call_app'
railties (5.1.5) lib/rails/rack/logger.rb:24:in `block in call'
activesupport (5.1.5) lib/active_support/tagged_logging.rb:69:in `block in tagged'
activesupport (5.1.5) lib/active_support/tagged_logging.rb:26:in `tagged'
activesupport (5.1.5) lib/active_support/tagged_logging.rb:69:in `tagged'
railties (5.1.5) lib/rails/rack/logger.rb:24:in `call'
sprockets-rails (3.2.1) lib/sprockets/rails/quiet_assets.rb:13:in `call'
actionpack (5.1.5) lib/action_dispatch/middleware/remote_ip.rb:79:in `call'
actionpack (5.1.5) lib/action_dispatch/middleware/request_id.rb:25:in `call'
rack (2.0.4) lib/rack/method_override.rb:22:in `call'
rack (2.0.4) lib/rack/runtime.rb:22:in `call'
activesupport (5.1.5) lib/active_support/cache/strategy/local_cache_middleware.rb:27:in `call'
actionpack (5.1.5) lib/action_dispatch/middleware/executor.rb:12:in `call'
actionpack (5.1.5) lib/action_dispatch/middleware/static.rb:125:in `call'
rack (2.0.4) lib/rack/sendfile.rb:111:in `call'
railties (5.1.5) lib/rails/engine.rb:522:in `call'
puma (3.11.2) lib/puma/configuration.rb:225:in `call'
puma (3.11.2) lib/puma/server.rb:624:in `handle_request'
puma (3.11.2) lib/puma/server.rb:438:in `process_client'
puma (3.11.2) lib/puma/server.rb:302:in `block in run'
puma (3.11.2) lib/puma/thread_pool.rb:120:in `block in spawn_thread'
Started GET "/" for 127.0.0.1 at 2018-02-20 17:25:03 +0900
Processing by MessagesController#index as HTML
  Rendering messages/index.html.haml within layouts/application
  Rendered messages/index.html.haml within layouts/application (5.3ms)
Completed 200 OK in 38ms (Views: 35.3ms)


Started GET "/" for 127.0.0.1 at 2018-02-20 17:25:31 +0900
Processing by MessagesController#index as HTML
  Rendering messages/index.html.haml within layouts/application
  Rendered messages/index.html.haml within layouts/application (4.5ms)
Completed 200 OK in 37ms (Views: 34.4ms)


Started GET "/" for 127.0.0.1 at 2018-02-20 17:26:31 +0900
Processing by MessagesController#index as HTML
  Rendering messages/index.html.haml within layouts/application
  Rendered messages/index.html.haml within layouts/application (4.3ms)
Completed 200 OK in 69ms (Views: 66.4ms)


Started GET "/" for 127.0.0.1 at 2018-02-20 17:30:55 +0900
Processing by MessagesController#index as HTML
  Rendering messages/index.html.haml within layouts/application
  Rendered messages/index.html.haml within layouts/application (3.6ms)
Completed 200 OK in 65ms (Views: 62.8ms)


Started GET "/" for 127.0.0.1 at 2018-02-20 17:37:42 +0900
Processing by MessagesController#index as HTML
  Rendering messages/index.html.haml within layouts/application
  Rendered messages/index.html.haml within layouts/application (2.3ms)
Completed 200 OK in 26ms (Views: 23.2ms)


Started GET "/" for 127.0.0.1 at 2018-02-20 17:41:25 +0900
Processing by MessagesController#index as HTML
  Rendering messages/index.html.haml within layouts/application
  Rendered messages/index.html.haml within layouts/application (3.5ms)
Completed 200 OK in 47ms (Views: 45.4ms)


Started GET "/" for 127.0.0.1 at 2018-02-20 17:43:59 +0900
Processing by MessagesController#index as HTML
  Rendering messages/index.html.haml within layouts/application
  Rendered messages/index.html.haml within layouts/application (2.7ms)
Completed 500 Internal Server Error in 21ms


  
ActionView::Template::Error (Invalid CSS after "  width": expected ";", was ": 300px;	"):
    4:     %meta{:content => "text/html; charset=UTF-8", "http-equiv" => "Content-Type"}/
    5:     %title ChatSpace
    6:     = csrf_meta_tags
    7:     = stylesheet_link_tag    'application', media: 'all', 'data-turbolinks-track': 'reload'
    8:     = javascript_include_tag 'application', 'data-turbolinks-track': 'reload'
    9:     = yield
   10: 
  
app/assets/stylesheets/application.scss:6
app/views/layouts/application.html.haml:7:in `_app_views_layouts_application_html_haml__237502641071723432_70213287416140'
Started GET "/" for 127.0.0.1 at 2018-02-20 17:44:12 +0900
Processing by MessagesController#index as HTML
  Rendering messages/index.html.haml within layouts/application
  Rendered messages/index.html.haml within layouts/application (3.1ms)
Completed 200 OK in 21ms (Views: 18.5ms)


Started GET "/" for 127.0.0.1 at 2018-02-20 17:44:32 +0900
Processing by MessagesController#index as HTML
  Rendering messages/index.html.haml within layouts/application
  Rendered messages/index.html.haml within layouts/application (2.1ms)
Completed 200 OK in 62ms (Views: 59.0ms)


Started GET "/" for 127.0.0.1 at 2018-02-20 17:45:52 +0900
Processing by MessagesController#index as HTML
  Rendering messages/index.html.haml within layouts/application
  Rendered messages/index.html.haml within layouts/application (2.4ms)
Completed 200 OK in 57ms (Views: 54.7ms)


Started GET "/" for 127.0.0.1 at 2018-02-20 17:50:56 +0900
Processing by MessagesController#index as HTML
  Rendering messages/index.html.haml within layouts/application
  Rendered messages/index.html.haml within layouts/application (2.3ms)
Completed 200 OK in 53ms (Views: 50.8ms)


Started GET "/" for 127.0.0.1 at 2018-02-20 17:54:13 +0900
Processing by MessagesController#index as HTML
  Rendering messages/index.html.haml within layouts/application
  Rendered messages/index.html.haml within layouts/application (2.9ms)
Completed 200 OK in 51ms (Views: 48.8ms)


Started GET "/" for 127.0.0.1 at 2018-02-20 17:57:53 +0900
Processing by MessagesController#index as HTML
  Rendering messages/index.html.haml within layouts/application
  Rendered messages/index.html.haml within layouts/application (2.6ms)
Completed 200 OK in 53ms (Views: 51.5ms)


Started GET "/" for 127.0.0.1 at 2018-02-20 18:29:20 +0900
Processing by MessagesController#index as HTML
  Rendering messages/index.html.haml within layouts/application
  Rendered messages/index.html.haml within layouts/application (2.9ms)
Completed 200 OK in 80ms (Views: 78.3ms)


Started GET "/" for 127.0.0.1 at 2018-02-20 18:29:40 +0900
Processing by MessagesController#index as HTML
  Rendering messages/index.html.haml within layouts/application
  Rendered messages/index.html.haml within layouts/application (4.4ms)
Completed 200 OK in 26ms (Views: 23.8ms)


Started GET "/" for 127.0.0.1 at 2018-02-20 18:30:56 +0900
Processing by MessagesController#index as HTML
  Rendering messages/index.html.haml within layouts/application
  Rendered messages/index.html.haml within layouts/application (3.3ms)
Completed 200 OK in 28ms (Views: 26.0ms)


Started GET "/" for 127.0.0.1 at 2018-02-20 18:31:10 +0900
Processing by MessagesController#index as HTML
  Rendering messages/index.html.haml within layouts/application
  Rendered messages/index.html.haml within layouts/application (2.4ms)
Completed 200 OK in 25ms (Views: 21.2ms)


Started GET "/" for 127.0.0.1 at 2018-02-20 18:31:16 +0900
Processing by MessagesController#index as HTML
  Rendering messages/index.html.haml within layouts/application
  Rendered messages/index.html.haml within layouts/application (3.1ms)
Completed 200 OK in 25ms (Views: 22.7ms)


Started GET "/" for 127.0.0.1 at 2018-02-20 18:31:33 +0900
Processing by MessagesController#index as HTML
  Rendering messages/index.html.haml within layouts/application
  Rendered messages/index.html.haml within layouts/application (2.5ms)
Completed 200 OK in 25ms (Views: 21.7ms)


Started GET "/" for 127.0.0.1 at 2018-02-20 18:44:06 +0900
Processing by MessagesController#index as HTML
  Rendering messages/index.html.haml within layouts/application
  Rendered messages/index.html.haml within layouts/application (2.6ms)
Completed 200 OK in 58ms (Views: 55.5ms)


Started GET "/" for 127.0.0.1 at 2018-02-20 18:44:47 +0900
Processing by MessagesController#index as HTML
  Rendering messages/index.html.haml within layouts/application
  Rendered messages/index.html.haml within layouts/application (2.9ms)
Completed 200 OK in 61ms (Views: 58.7ms)


Started GET "/" for 127.0.0.1 at 2018-02-20 18:45:21 +0900
Processing by MessagesController#index as HTML
  Rendering messages/index.html.haml within layouts/application
  Rendered messages/index.html.haml within layouts/application (4.4ms)
Completed 200 OK in 65ms (Views: 62.6ms)


Started GET "/" for 127.0.0.1 at 2018-02-20 18:46:17 +0900
Processing by MessagesController#index as HTML
  Rendering messages/index.html.haml within layouts/application
  Rendered messages/index.html.haml within layouts/application (2.5ms)
Completed 200 OK in 61ms (Views: 57.6ms)


Started GET "/" for 127.0.0.1 at 2018-02-20 18:46:26 +0900
Processing by MessagesController#index as HTML
  Rendering messages/index.html.haml within layouts/application
  Rendered messages/index.html.haml within layouts/application (2.7ms)
Completed 200 OK in 22ms (Views: 19.6ms)


Started GET "/" for 127.0.0.1 at 2018-02-20 18:46:43 +0900
Processing by MessagesController#index as HTML
  Rendering messages/index.html.haml within layouts/application
  Rendered messages/index.html.haml within layouts/application (4.8ms)
Completed 200 OK in 73ms (Views: 71.0ms)


Started GET "/" for 127.0.0.1 at 2018-02-20 19:01:18 +0900
Processing by MessagesController#index as HTML
  Rendering messages/index.html.haml within layouts/application
  Rendered messages/index.html.haml within layouts/application (3.1ms)
Completed 200 OK in 75ms (Views: 72.2ms)


Started GET "/" for 127.0.0.1 at 2018-02-20 19:05:26 +0900
Processing by MessagesController#index as HTML
  Rendering messages/index.html.haml within layouts/application
  Rendered messages/index.html.haml within layouts/application (3.6ms)
Completed 200 OK in 51ms (Views: 48.6ms)


Started GET "/" for 127.0.0.1 at 2018-02-20 19:05:57 +0900
Processing by MessagesController#index as HTML
  Rendering messages/index.html.haml within layouts/application
  Rendered messages/index.html.haml within layouts/application (3.1ms)
Completed 200 OK in 58ms (Views: 55.5ms)


Started GET "/" for 127.0.0.1 at 2018-02-20 19:06:07 +0900
Processing by MessagesController#index as HTML
  Rendering messages/index.html.haml within layouts/application
  Rendered messages/index.html.haml within layouts/application (3.3ms)
Completed 200 OK in 61ms (Views: 59.0ms)


Started GET "/" for 127.0.0.1 at 2018-02-20 19:09:31 +0900
Processing by MessagesController#index as HTML
  Rendering messages/index.html.haml within layouts/application
  Rendered messages/index.html.haml within layouts/application (3.6ms)
Completed 200 OK in 69ms (Views: 66.1ms)


Started GET "/" for 127.0.0.1 at 2018-02-20 19:09:43 +0900
Processing by MessagesController#index as HTML
  Rendering messages/index.html.haml within layouts/application
  Rendered messages/index.html.haml within layouts/application (4.2ms)
Completed 200 OK in 62ms (Views: 59.7ms)


Started GET "/" for 127.0.0.1 at 2018-02-20 19:10:04 +0900
Processing by MessagesController#index as HTML
  Rendering messages/index.html.haml within layouts/application
  Rendered messages/index.html.haml within layouts/application (2.6ms)
Completed 200 OK in 58ms (Views: 55.7ms)


Started GET "/" for 127.0.0.1 at 2018-02-20 19:11:22 +0900
Processing by MessagesController#index as HTML
  Rendering messages/index.html.haml within layouts/application
  Rendered messages/index.html.haml within layouts/application (4.0ms)
Completed 200 OK in 83ms (Views: 80.1ms)


Started GET "/" for 127.0.0.1 at 2018-02-20 19:14:09 +0900
Processing by MessagesController#index as HTML
  Rendering messages/index.html.haml within layouts/application
  Rendered messages/index.html.haml within layouts/application (3.0ms)
Completed 200 OK in 27ms (Views: 24.5ms)


Started GET "/" for 127.0.0.1 at 2018-02-20 19:16:05 +0900
Processing by MessagesController#index as HTML
  Rendering messages/index.html.haml within layouts/application
  Rendered messages/index.html.haml within layouts/application (2.8ms)
Completed 500 Internal Server Error in 34ms


  
ActionView::Template::Error (Incompatible units: 'px' and '%'.):
    4:     %meta{:content => "text/html; charset=UTF-8", "http-equiv" => "Content-Type"}/
    5:     %title ChatSpace
    6:     = csrf_meta_tags
    7:     = stylesheet_link_tag    'application', media: 'all', 'data-turbolinks-track': 'reload'
    8:     = javascript_include_tag 'application', 'data-turbolinks-track': 'reload'
    9:     = yield
   10: 
  
app/assets/stylesheets/application.scss:14
app/views/layouts/application.html.haml:7:in `_app_views_layouts_application_html_haml__237502641071723432_70213275576080'
Started GET "/" for 127.0.0.1 at 2018-02-20 19:21:06 +0900
Processing by MessagesController#index as HTML
  Rendering messages/index.html.haml within layouts/application
  Rendered messages/index.html.haml within layouts/application (3.1ms)
Completed 200 OK in 76ms (Views: 72.6ms)


Started GET "/" for 127.0.0.1 at 2018-02-20 19:21:17 +0900
Processing by MessagesController#index as HTML
  Rendering messages/index.html.haml within layouts/application
  Rendered messages/index.html.haml within layouts/application (3.5ms)
Completed 200 OK in 55ms (Views: 52.6ms)


Started GET "/" for 127.0.0.1 at 2018-02-20 19:25:52 +0900
Processing by MessagesController#index as HTML
  Rendering messages/index.html.haml within layouts/application
  Rendered messages/index.html.haml within layouts/application (3.9ms)
Completed 200 OK in 64ms (Views: 61.6ms)


Started GET "/" for 127.0.0.1 at 2018-02-20 19:32:45 +0900
Processing by MessagesController#index as HTML
  Rendering messages/index.html.haml within layouts/application
  Rendered messages/index.html.haml within layouts/application (3.1ms)
Completed 200 OK in 26ms (Views: 23.3ms)


Started GET "/" for 127.0.0.1 at 2018-02-20 19:33:36 +0900
Processing by MessagesController#index as HTML
  Rendering messages/index.html.haml within layouts/application
  Rendered messages/index.html.haml within layouts/application (5.2ms)
Completed 200 OK in 33ms (Views: 29.3ms)


Started GET "/" for 127.0.0.1 at 2018-02-20 19:34:24 +0900
Processing by MessagesController#index as HTML
  Rendering messages/index.html.haml within layouts/application
  Rendered messages/index.html.haml within layouts/application (2.7ms)
Completed 200 OK in 23ms (Views: 21.4ms)


Started GET "/" for 127.0.0.1 at 2018-02-20 19:34:34 +0900
Processing by MessagesController#index as HTML
  Rendering messages/index.html.haml within layouts/application
  Rendered messages/index.html.haml within layouts/application (3.8ms)
Completed 200 OK in 27ms (Views: 23.8ms)


Started GET "/" for 127.0.0.1 at 2018-02-20 19:36:04 +0900
Processing by MessagesController#index as HTML
  Rendering messages/index.html.haml within layouts/application
  Rendered messages/index.html.haml within layouts/application (3.6ms)
Completed 200 OK in 29ms (Views: 26.2ms)


Started GET "/" for 127.0.0.1 at 2018-02-20 19:36:35 +0900
Processing by MessagesController#index as HTML
  Rendering messages/index.html.haml within layouts/application
  Rendered messages/index.html.haml within layouts/application (2.8ms)
Completed 200 OK in 24ms (Views: 21.1ms)


Started GET "/prototypes" for 127.0.0.1 at 2018-02-21 09:35:46 +0900
  
ActionController::RoutingError (No route matches [GET] "/prototypes"):
  
actionpack (5.1.5) lib/action_dispatch/middleware/debug_exceptions.rb:63:in `call'
web-console (3.5.1) lib/web_console/middleware.rb:135:in `call_app'
web-console (3.5.1) lib/web_console/middleware.rb:28:in `block in call'
web-console (3.5.1) lib/web_console/middleware.rb:18:in `catch'
web-console (3.5.1) lib/web_console/middleware.rb:18:in `call'
actionpack (5.1.5) lib/action_dispatch/middleware/show_exceptions.rb:31:in `call'
railties (5.1.5) lib/rails/rack/logger.rb:36:in `call_app'
railties (5.1.5) lib/rails/rack/logger.rb:24:in `block in call'
activesupport (5.1.5) lib/active_support/tagged_logging.rb:69:in `block in tagged'
activesupport (5.1.5) lib/active_support/tagged_logging.rb:26:in `tagged'
activesupport (5.1.5) lib/active_support/tagged_logging.rb:69:in `tagged'
railties (5.1.5) lib/rails/rack/logger.rb:24:in `call'
sprockets-rails (3.2.1) lib/sprockets/rails/quiet_assets.rb:13:in `call'
actionpack (5.1.5) lib/action_dispatch/middleware/remote_ip.rb:79:in `call'
actionpack (5.1.5) lib/action_dispatch/middleware/request_id.rb:25:in `call'
rack (2.0.4) lib/rack/method_override.rb:22:in `call'
rack (2.0.4) lib/rack/runtime.rb:22:in `call'
activesupport (5.1.5) lib/active_support/cache/strategy/local_cache_middleware.rb:27:in `call'
actionpack (5.1.5) lib/action_dispatch/middleware/executor.rb:12:in `call'
actionpack (5.1.5) lib/action_dispatch/middleware/static.rb:125:in `call'
rack (2.0.4) lib/rack/sendfile.rb:111:in `call'
railties (5.1.5) lib/rails/engine.rb:522:in `call'
puma (3.11.2) lib/puma/configuration.rb:225:in `call'
puma (3.11.2) lib/puma/server.rb:624:in `handle_request'
puma (3.11.2) lib/puma/server.rb:438:in `process_client'
puma (3.11.2) lib/puma/server.rb:302:in `block in run'
puma (3.11.2) lib/puma/thread_pool.rb:120:in `block in spawn_thread'
Started GET "/" for 127.0.0.1 at 2018-02-21 12:05:47 +0900
Processing by MessagesController#index as HTML
  Rendering messages/index.html.haml within layouts/application
  Rendered messages/index.html.haml within layouts/application (10.9ms)
Completed 200 OK in 762ms (Views: 273.5ms)


Started GET "/" for 127.0.0.1 at 2018-02-21 12:19:55 +0900
Processing by MessagesController#index as HTML
  Rendering messages/index.html.haml within layouts/application
  Rendered messages/index.html.haml within layouts/application (6.3ms)
Completed 200 OK in 64ms (Views: 61.9ms)


Started GET "/" for 127.0.0.1 at 2018-02-21 12:20:18 +0900
Processing by MessagesController#index as HTML
  Rendering messages/index.html.haml within layouts/application
  Rendered messages/index.html.haml within layouts/application (2.6ms)
Completed 200 OK in 86ms (Views: 83.9ms)


Started GET "/" for 127.0.0.1 at 2018-02-21 12:28:22 +0900
Processing by MessagesController#index as HTML
  Rendering messages/index.html.haml within layouts/application
  Rendered messages/index.html.haml within layouts/application (4.0ms)
Completed 200 OK in 83ms (Views: 79.7ms)


Started GET "/" for 127.0.0.1 at 2018-02-21 12:29:00 +0900
Processing by MessagesController#index as HTML
  Rendering messages/index.html.haml within layouts/application
  Rendered messages/index.html.haml within layouts/application (5.0ms)
Completed 500 Internal Server Error in 13ms


  
ActionView::Template::Error (The line was indented 2 levels deeper than the previous line.):
     7:   
     8:   .wrapper
     9:    %header.header
    10:      seo
    11:   
    12:      
    13:    
  
app/views/messages/index.html.haml:10
Started GET "/" for 127.0.0.1 at 2018-02-21 12:29:15 +0900
Processing by MessagesController#index as HTML
  Rendering messages/index.html.haml within layouts/application
  Rendered messages/index.html.haml within layouts/application (3.2ms)
Completed 200 OK in 24ms (Views: 22.0ms)


Started GET "/" for 127.0.0.1 at 2018-02-21 12:29:20 +0900
Processing by MessagesController#index as HTML
  Rendering messages/index.html.haml within layouts/application
  Rendered messages/index.html.haml within layouts/application (2.8ms)
Completed 200 OK in 23ms (Views: 20.4ms)


Started GET "/" for 127.0.0.1 at 2018-02-21 12:34:52 +0900
Processing by MessagesController#index as HTML
  Rendering messages/index.html.haml within layouts/application
  Rendered messages/index.html.haml within layouts/application (5.4ms)
Completed 200 OK in 82ms (Views: 80.3ms)


Started GET "/" for 127.0.0.1 at 2018-02-21 12:35:24 +0900
Processing by MessagesController#index as HTML
  Rendering messages/index.html.haml within layouts/application
  Rendered messages/index.html.haml within layouts/application (3.1ms)
Completed 200 OK in 70ms (Views: 68.2ms)


